#
# There is insufficient memory for the Java Runtime Environment to continue.
# Native memory allocation (malloc) failed to allocate 32744 bytes for ChunkPool::allocate
# Possible reasons:
#   The system is out of physical RAM or swap space
#   The process is running with CompressedOops enabled, and the Java Heap may be blocking the growth of the native heap
# Possible solutions:
#   Reduce memory load on the system
#   Increase physical memory or swap space
#   Check if swap backing store is full
#   Decrease Java heap size (-Xmx/-Xms)
#   Decrease number of Java threads
#   Decrease Java thread stack sizes (-Xss)
#   Set larger code cache with -XX:ReservedCodeCacheSize=
#   JVM is running with Unscaled Compressed Oops mode in which the Java heap is
#     placed in the first 4GB address space. The Java Heap base address is the
#     maximum limit for the native heap growth. Please use -XX:HeapBaseMinAddress
#     to set the Java Heap base and to place the Java Heap above 4GB virtual address.
# This output file may be truncated or incomplete.
#
#  Out of Memory Error (./src/hotspot/share/memory/arena.cpp:81), pid=14628, tid=7856
#
# JRE version: OpenJDK Runtime Environment Temurin-11.0.18+10 (11.0.18+10) (build 11.0.18+10)
# Java VM: OpenJDK 64-Bit Server VM Temurin-11.0.18+10 (11.0.18+10, mixed mode, tiered, compressed oops, g1 gc, windows-amd64)
# No core dump will be written. Minidumps are not enabled by default on client versions of Windows
#

---------------  S U M M A R Y ------------

Command Line: -Xmx64m -Xms64m -Dorg.gradle.appname=gradlew org.gradle.wrapper.GradleWrapperMain clean test -Ddb.url=jdbc:postgresql://localhost:5432/app

Host: AMD Athlon Silver 3050U with Radeon Graphics   , 2 cores, 3G,  Windows 10 , 64 bit Build 19041 (10.0.19041.3031)
Time: Wed Sep 13 13:26:56 2023 RTZ 2 (s 10 , 64 bit Build 19041 (10.0.19041.3031) elapsed time: 407.821034 seconds (0d 0h 6m 47s)

---------------  T H R E A D  ---------------

Current thread (0x0000014c408c1800):  JavaThread "C2 CompilerThread0" daemon [_thread_in_native, id=7856, stack(0x000000327aa00000,0x000000327ab00000)]


Current CompileTask:
C2: 407833 1906       4       java.util.HashMap$HashIterator::<init> (79 bytes)

Stack: [0x000000327aa00000,0x000000327ab00000]
Native frames: (J=compiled Java code, j=interpreted, Vv=VM code, C=native code)
V  [jvm.dll+0x64f2aa]
V  [jvm.dll+0x7e2769]
V  [jvm.dll+0x7e3e69]
V  [jvm.dll+0x7e4553]
V  [jvm.dll+0x26af95]
V  [jvm.dll+0xc1c7f]
V  [jvm.dll+0xc1fcc]
V  [jvm.dll+0xc1b2b]
V  [jvm.dll+0x1274ef]
V  [jvm.dll+0x6a7776]
V  [jvm.dll+0x6a7ce7]
V  [jvm.dll+0x6a593d]
V  [jvm.dll+0x1b36e3]
V  [jvm.dll+0x222edf]
V  [jvm.dll+0x221d98]
V  [jvm.dll+0x19e681]
V  [jvm.dll+0x231f69]
V  [jvm.dll+0x2300bf]
V  [jvm.dll+0x7a3af0]
V  [jvm.dll+0x79c904]
V  [jvm.dll+0x64e065]
C  [ucrtbase.dll+0x21bb2]
C  [KERNEL32.DLL+0x17614]
C  [ntdll.dll+0x526f1]


---------------  P R O C E S S  ---------------

Threads class SMR info:
_java_thread_list=0x0000014c41cd95e0, length=13, elements={
0x0000014c2667f800, 0x0000014c4085a000, 0x0000014c4085c800, 0x0000014c408ba000,
0x0000014c408bd000, 0x0000014c408be000, 0x0000014c408c1800, 0x0000014c408f5800,
0x0000014c40a60000, 0x0000014c40b52000, 0x0000014c40f0f000, 0x0000014c41cff800,
0x0000014c40f07800
}

Java Threads: ( => current thread )
  0x0000014c2667f800 JavaThread "main" [_thread_in_native, id=12844, stack(0x0000003279e00000,0x0000003279f00000)]
  0x0000014c4085a000 JavaThread "Reference Handler" daemon [_thread_blocked, id=7140, stack(0x000000327a500000,0x000000327a600000)]
  0x0000014c4085c800 JavaThread "Finalizer" daemon [_thread_blocked, id=12604, stack(0x000000327a600000,0x000000327a700000)]
  0x0000014c408ba000 JavaThread "Signal Dispatcher" daemon [_thread_blocked, id=13092, stack(0x000000327a700000,0x000000327a800000)]
  0x0000014c408bd000 JavaThread "Attach Listener" daemon [_thread_blocked, id=15208, stack(0x000000327a800000,0x000000327a900000)]
  0x0000014c408be000 JavaThread "Service Thread" daemon [_thread_blocked, id=5412, stack(0x000000327a900000,0x000000327aa00000)]
=>0x0000014c408c1800 JavaThread "C2 CompilerThread0" daemon [_thread_in_native, id=7856, stack(0x000000327aa00000,0x000000327ab00000)]
  0x0000014c408f5800 JavaThread "C1 CompilerThread0" daemon [_thread_blocked, id=7084, stack(0x000000327ab00000,0x000000327ac00000)]
  0x0000014c40a60000 JavaThread "Sweeper thread" daemon [_thread_blocked, id=2040, stack(0x000000327ac00000,0x000000327ad00000)]
  0x0000014c40b52000 JavaThread "Common-Cleaner" daemon [_thread_blocked, id=5576, stack(0x000000327ae00000,0x000000327af00000)]
  0x0000014c40f0f000 JavaThread "pool-1-thread-1" [_thread_blocked, id=13368, stack(0x000000327b000000,0x000000327b100000)]
  0x0000014c41cff800 JavaThread "DisconnectableInputStream source reader" daemon [_thread_in_native, id=8084, stack(0x000000327b300000,0x000000327b400000)]
  0x0000014c40f07800 JavaThread "Forward input" [_thread_blocked, id=2976, stack(0x000000327b400000,0x000000327b500000)]

Other Threads:
  0x0000014c40838000 VMThread "VM Thread" [stack: 0x000000327a400000,0x000000327a500000] [id=12996]
  0x0000014c40b46000 WatcherThread [stack: 0x000000327ad00000,0x000000327ae00000] [id=11268]
  0x0000014c26698000 GCTaskThread "GC Thread#0" [stack: 0x0000003279f00000,0x000000327a000000] [id=13768]
  0x0000014c40b4a800 GCTaskThread "GC Thread#1" [stack: 0x000000327af00000,0x000000327b000000] [id=7608]
  0x0000014c266a0800 ConcurrentGCThread "G1 Main Marker" [stack: 0x000000327a000000,0x000000327a100000] [id=4436]
  0x0000014c266a3000 ConcurrentGCThread "G1 Conc#0" [stack: 0x000000327a100000,0x000000327a200000] [id=5468]
  0x0000014c266ee000 ConcurrentGCThread "G1 Refine#0" [stack: 0x000000327a200000,0x000000327a300000] [id=10920]
  0x0000014c41ca5000 ConcurrentGCThread "G1 Refine#1" [stack: 0x000000327b100000,0x000000327b200000] [id=14508]
  0x0000014c266f0000 ConcurrentGCThread "G1 Young RemSet Sampling" [stack: 0x000000327a300000,0x000000327a400000] [id=15320]

Threads with active compile tasks:
C2 CompilerThread0   408421 1906       4       java.util.HashMap$HashIterator::<init> (79 bytes)

VM state:not at safepoint (normal execution)

VM Mutex/Monitor currently owned by a thread: None

Heap address: 0x00000000fc000000, size: 64 MB, Compressed Oops mode: 32-bit
Narrow klass base: 0x0000000000000000, Narrow klass shift: 3
Compressed class space size: 1073741824 Address: 0x0000000100000000

Heap:
 garbage-first heap   total 65536K, used 30143K [0x00000000fc000000, 0x0000000100000000)
  region size 1024K, 20 young (20480K), 1 survivors (1024K)
 Metaspace       used 17642K, capacity 17981K, committed 18304K, reserved 1064960K
  class space    used 1930K, capacity 2062K, committed 2176K, reserved 1048576K
Heap Regions: E=young(eden), S=young(survivor), O=old, HS=humongous(starts), HC=humongous(continues), CS=collection set, F=free, A=archive, TAMS=top-at-mark-start (previous, next)
|   0|0x00000000fc000000, 0x00000000fc100000, 0x00000000fc100000|100%| O|  |TAMS 0x00000000fc000000, 0x00000000fc000000| Untracked 
|   1|0x00000000fc100000, 0x00000000fc200000, 0x00000000fc200000|100%|HS|  |TAMS 0x00000000fc100000, 0x00000000fc100000| Complete 
|   2|0x00000000fc200000, 0x00000000fc300000, 0x00000000fc300000|100%|HC|  |TAMS 0x00000000fc200000, 0x00000000fc200000| Complete 
|   3|0x00000000fc300000, 0x00000000fc400000, 0x00000000fc400000|100%|HC|  |TAMS 0x00000000fc300000, 0x00000000fc300000| Complete 
|   4|0x00000000fc400000, 0x00000000fc500000, 0x00000000fc500000|100%|HC|  |TAMS 0x00000000fc400000, 0x00000000fc400000| Complete 
|   5|0x00000000fc500000, 0x00000000fc600000, 0x00000000fc600000|100%| O|  |TAMS 0x00000000fc500000, 0x00000000fc500000| Untracked 
|   6|0x00000000fc600000, 0x00000000fc700000, 0x00000000fc700000|100%| O|  |TAMS 0x00000000fc600000, 0x00000000fc600000| Untracked 
|   7|0x00000000fc700000, 0x00000000fc800000, 0x00000000fc800000|100%| O|  |TAMS 0x00000000fc700000, 0x00000000fc700000| Untracked 
|   8|0x00000000fc800000, 0x00000000fc900000, 0x00000000fc900000|100%| O|  |TAMS 0x00000000fc800000, 0x00000000fc800000| Untracked 
|   9|0x00000000fc900000, 0x00000000fca00000, 0x00000000fca00000|100%| O|  |TAMS 0x00000000fc900000, 0x00000000fc900000| Untracked 
|  10|0x00000000fca00000, 0x00000000fcb00000, 0x00000000fcb00000|100%| O|  |TAMS 0x00000000fca00000, 0x00000000fca00000| Untracked 
|  11|0x00000000fcb00000, 0x00000000fcb3c800, 0x00000000fcc00000| 23%| O|  |TAMS 0x00000000fcb00000, 0x00000000fcb00000| Untracked 
|  12|0x00000000fcc00000, 0x00000000fcc00000, 0x00000000fcd00000|  0%| F|  |TAMS 0x00000000fcc00000, 0x00000000fcc00000| Untracked 
|  13|0x00000000fcd00000, 0x00000000fcd00000, 0x00000000fce00000|  0%| F|  |TAMS 0x00000000fcd00000, 0x00000000fcd00000| Untracked 
|  14|0x00000000fce00000, 0x00000000fce00000, 0x00000000fcf00000|  0%| F|  |TAMS 0x00000000fce00000, 0x00000000fce00000| Untracked 
|  15|0x00000000fcf00000, 0x00000000fcf00000, 0x00000000fd000000|  0%| F|  |TAMS 0x00000000fcf00000, 0x00000000fcf00000| Untracked 
|  16|0x00000000fd000000, 0x00000000fd000000, 0x00000000fd100000|  0%| F|  |TAMS 0x00000000fd000000, 0x00000000fd000000| Untracked 
|  17|0x00000000fd100000, 0x00000000fd100000, 0x00000000fd200000|  0%| F|  |TAMS 0x00000000fd100000, 0x00000000fd100000| Untracked 
|  18|0x00000000fd200000, 0x00000000fd200000, 0x00000000fd300000|  0%| F|  |TAMS 0x00000000fd200000, 0x00000000fd200000| Untracked 
|  19|0x00000000fd300000, 0x00000000fd300000, 0x00000000fd400000|  0%| F|  |TAMS 0x00000000fd300000, 0x00000000fd300000| Untracked 
|  20|0x00000000fd400000, 0x00000000fd400000, 0x00000000fd500000|  0%| F|  |TAMS 0x00000000fd400000, 0x00000000fd400000| Untracked 
|  21|0x00000000fd500000, 0x00000000fd500000, 0x00000000fd600000|  0%| F|  |TAMS 0x00000000fd500000, 0x00000000fd500000| Untracked 
|  22|0x00000000fd600000, 0x00000000fd600000, 0x00000000fd700000|  0%| F|  |TAMS 0x00000000fd600000, 0x00000000fd600000| Untracked 
|  23|0x00000000fd700000, 0x00000000fd700000, 0x00000000fd800000|  0%| F|  |TAMS 0x00000000fd700000, 0x00000000fd700000| Untracked 
|  24|0x00000000fd800000, 0x00000000fd800000, 0x00000000fd900000|  0%| F|  |TAMS 0x00000000fd800000, 0x00000000fd800000| Untracked 
|  25|0x00000000fd900000, 0x00000000fd900000, 0x00000000fda00000|  0%| F|  |TAMS 0x00000000fd900000, 0x00000000fd900000| Untracked 
|  26|0x00000000fda00000, 0x00000000fda00000, 0x00000000fdb00000|  0%| F|  |TAMS 0x00000000fda00000, 0x00000000fda00000| Untracked 
|  27|0x00000000fdb00000, 0x00000000fdb00000, 0x00000000fdc00000|  0%| F|  |TAMS 0x00000000fdb00000, 0x00000000fdb00000| Untracked 
|  28|0x00000000fdc00000, 0x00000000fdc00000, 0x00000000fdd00000|  0%| F|  |TAMS 0x00000000fdc00000, 0x00000000fdc00000| Untracked 
|  29|0x00000000fdd00000, 0x00000000fdd00000, 0x00000000fde00000|  0%| F|  |TAMS 0x00000000fdd00000, 0x00000000fdd00000| Untracked 
|  30|0x00000000fde00000, 0x00000000fde00000, 0x00000000fdf00000|  0%| F|  |TAMS 0x00000000fde00000, 0x00000000fde00000| Untracked 
|  31|0x00000000fdf00000, 0x00000000fdf00000, 0x00000000fe000000|  0%| F|  |TAMS 0x00000000fdf00000, 0x00000000fdf00000| Untracked 
|  32|0x00000000fe000000, 0x00000000fe000000, 0x00000000fe100000|  0%| F|  |TAMS 0x00000000fe000000, 0x00000000fe000000| Untracked 
|  33|0x00000000fe100000, 0x00000000fe100000, 0x00000000fe200000|  0%| F|  |TAMS 0x00000000fe100000, 0x00000000fe100000| Untracked 
|  34|0x00000000fe200000, 0x00000000fe200000, 0x00000000fe300000|  0%| F|  |TAMS 0x00000000fe200000, 0x00000000fe200000| Untracked 
|  35|0x00000000fe300000, 0x00000000fe300000, 0x00000000fe400000|  0%| F|  |TAMS 0x00000000fe300000, 0x00000000fe300000| Untracked 
|  36|0x00000000fe400000, 0x00000000fe400000, 0x00000000fe500000|  0%| F|  |TAMS 0x00000000fe400000, 0x00000000fe400000| Untracked 
|  37|0x00000000fe500000, 0x00000000fe500000, 0x00000000fe600000|  0%| F|  |TAMS 0x00000000fe500000, 0x00000000fe500000| Untracked 
|  38|0x00000000fe600000, 0x00000000fe600000, 0x00000000fe700000|  0%| F|  |TAMS 0x00000000fe600000, 0x00000000fe600000| Untracked 
|  39|0x00000000fe700000, 0x00000000fe700000, 0x00000000fe800000|  0%| F|  |TAMS 0x00000000fe700000, 0x00000000fe700000| Untracked 
|  40|0x00000000fe800000, 0x00000000fe800000, 0x00000000fe900000|  0%| F|  |TAMS 0x00000000fe800000, 0x00000000fe800000| Untracked 
|  41|0x00000000fe900000, 0x00000000fe900000, 0x00000000fea00000|  0%| F|  |TAMS 0x00000000fe900000, 0x00000000fe900000| Untracked 
|  42|0x00000000fea00000, 0x00000000fea00000, 0x00000000feb00000|  0%| F|  |TAMS 0x00000000fea00000, 0x00000000fea00000| Untracked 
|  43|0x00000000feb00000, 0x00000000feb00000, 0x00000000fec00000|  0%| F|  |TAMS 0x00000000feb00000, 0x00000000feb00000| Untracked 
|  44|0x00000000fec00000, 0x00000000fec4aa68, 0x00000000fed00000| 29%| E|  |TAMS 0x00000000fec00000, 0x00000000fec00000| Complete 
|  45|0x00000000fed00000, 0x00000000fee00000, 0x00000000fee00000|100%| E|CS|TAMS 0x00000000fed00000, 0x00000000fed00000| Complete 
|  46|0x00000000fee00000, 0x00000000fef00000, 0x00000000fef00000|100%| E|CS|TAMS 0x00000000fee00000, 0x00000000fee00000| Complete 
|  47|0x00000000fef00000, 0x00000000ff000000, 0x00000000ff000000|100%| E|CS|TAMS 0x00000000fef00000, 0x00000000fef00000| Complete 
|  48|0x00000000ff000000, 0x00000000ff100000, 0x00000000ff100000|100%| E|CS|TAMS 0x00000000ff000000, 0x00000000ff000000| Complete 
|  49|0x00000000ff100000, 0x00000000ff200000, 0x00000000ff200000|100%| E|CS|TAMS 0x00000000ff100000, 0x00000000ff100000| Complete 
|  50|0x00000000ff200000, 0x00000000ff300000, 0x00000000ff300000|100%| E|CS|TAMS 0x00000000ff200000, 0x00000000ff200000| Complete 
|  51|0x00000000ff300000, 0x00000000ff400000, 0x00000000ff400000|100%| E|CS|TAMS 0x00000000ff300000, 0x00000000ff300000| Complete 
|  52|0x00000000ff400000, 0x00000000ff500000, 0x00000000ff500000|100%| E|CS|TAMS 0x00000000ff400000, 0x00000000ff400000| Complete 
|  53|0x00000000ff500000, 0x00000000ff600000, 0x00000000ff600000|100%| E|CS|TAMS 0x00000000ff500000, 0x00000000ff500000| Complete 
|  54|0x00000000ff600000, 0x00000000ff700000, 0x00000000ff700000|100%| E|CS|TAMS 0x00000000ff600000, 0x00000000ff600000| Complete 
|  55|0x00000000ff700000, 0x00000000ff800000, 0x00000000ff800000|100%| E|CS|TAMS 0x00000000ff700000, 0x00000000ff700000| Complete 
|  56|0x00000000ff800000, 0x00000000ff900000, 0x00000000ff900000|100%| E|CS|TAMS 0x00000000ff800000, 0x00000000ff800000| Complete 
|  57|0x00000000ff900000, 0x00000000ffa00000, 0x00000000ffa00000|100%| E|CS|TAMS 0x00000000ff900000, 0x00000000ff900000| Complete 
|  58|0x00000000ffa00000, 0x00000000ffb00000, 0x00000000ffb00000|100%| E|CS|TAMS 0x00000000ffa00000, 0x00000000ffa00000| Complete 
|  59|0x00000000ffb00000, 0x00000000ffc00000, 0x00000000ffc00000|100%| E|CS|TAMS 0x00000000ffb00000, 0x00000000ffb00000| Complete 
|  60|0x00000000ffc00000, 0x00000000ffc334b0, 0x00000000ffd00000| 20%| S|CS|TAMS 0x00000000ffc00000, 0x00000000ffc00000| Complete 
|  61|0x00000000ffd00000, 0x00000000ffe00000, 0x00000000ffe00000|100%| E|CS|TAMS 0x00000000ffd00000, 0x00000000ffd00000| Complete 
|  62|0x00000000ffe00000, 0x00000000fff00000, 0x00000000fff00000|100%| E|CS|TAMS 0x00000000ffe00000, 0x00000000ffe00000| Complete 
|  63|0x00000000fff00000, 0x0000000100000000, 0x0000000100000000|100%| E|CS|TAMS 0x00000000fff00000, 0x00000000fff00000| Complete 

Card table byte_map: [0x0000014c24670000,0x0000014c24690000] _byte_map_base: 0x0000014c23e90000

Marking Bits (Prev, Next): (CMBitMap*) 0x0000014c2669fa58, (CMBitMap*) 0x0000014c2669fa90
 Prev Bits: [0x0000014c26260000, 0x0000014c26360000)
 Next Bits: [0x0000014c26360000, 0x0000014c26460000)

Polling page: 0x0000014c24620000

Metaspace:

Usage:
  Non-class:     15.55 MB capacity,    15.34 MB ( 99%) used,   180.26 KB (  1%) free+waste,    26.69 KB ( <1%) overhead. 
      Class:      2.01 MB capacity,     1.89 MB ( 94%) used,   118.34 KB (  6%) free+waste,    12.75 KB ( <1%) overhead. 
       Both:     17.56 MB capacity,    17.23 MB ( 98%) used,   298.60 KB (  2%) free+waste,    39.44 KB ( <1%) overhead. 

Virtual space:
  Non-class space:       16.00 MB reserved,      15.75 MB ( 98%) committed 
      Class space:        1.00 GB reserved,       2.12 MB ( <1%) committed 
             Both:        1.02 GB reserved,      17.88 MB (  2%) committed 

Chunk freelists:
   Non-Class:  17.00 KB
       Class:  18.00 KB
        Both:  35.00 KB

MaxMetaspaceSize: 17179869184.00 GB
CompressedClassSpaceSize: 1.00 GB
Initial GC threshold: 20.80 MB
Current GC threshold: 20.80 MB
CDS: off

CodeHeap 'non-profiled nmethods': size=120064Kb used=766Kb max_used=766Kb free=119297Kb
 bounds [0x0000014c368c0000, 0x0000014c36b30000, 0x0000014c3de00000]
CodeHeap 'profiled nmethods': size=120000Kb used=3778Kb max_used=3778Kb free=116221Kb
 bounds [0x0000014c2f390000, 0x0000014c2f750000, 0x0000014c368c0000]
CodeHeap 'non-nmethods': size=5696Kb used=1174Kb max_used=1191Kb free=4521Kb
 bounds [0x0000014c2ee00000, 0x0000014c2f070000, 0x0000014c2f390000]
 total_blobs=2327 nmethods=1884 adapters=356
 compilation: enabled
              stopped_count=0, restarted_count=0
 full_count=0

Compilation events (20 events):
Event: 365.089 Thread 0x0000014c408f5800 nmethod 1895 0x0000014c2f73d990 code [0x0000014c2f73dc40, 0x0000014c2f73e738]
Event: 365.089 Thread 0x0000014c408f5800 1896       3       org.gradle.internal.logging.text.AbstractLineChoppingStyledTextOutput::access$900 (4 bytes)
Event: 365.090 Thread 0x0000014c408f5800 nmethod 1896 0x0000014c2f73ec10 code [0x0000014c2f73edc0, 0x0000014c2f73eeb8]
Event: 369.611 Thread 0x0000014c408f5800 1897       3       org.gradle.internal.logging.sink.GroupingProgressLogEventGenerator::onUpdateNow (54 bytes)
Event: 369.675 Thread 0x0000014c408f5800 nmethod 1897 0x0000014c2f73ef90 code [0x0000014c2f73f1a0, 0x0000014c2f73f828]
Event: 377.932 Thread 0x0000014c408f5800 1898       3       org.gradle.internal.logging.console.DefaultAnsiExecutor$AnsiContextImpl::writeAt (33 bytes)
Event: 377.953 Thread 0x0000014c408f5800 nmethod 1898 0x0000014c2f73fa10 code [0x0000014c2f73fc00, 0x0000014c2f740048]
Event: 380.223 Thread 0x0000014c408f5800 1899       3       jdk.internal.misc.SharedSecrets::getJavaLangAccess (4 bytes)
Event: 380.236 Thread 0x0000014c408f5800 nmethod 1899 0x0000014c2f740210 code [0x0000014c2f7403c0, 0x0000014c2f7404b8]
Event: 380.236 Thread 0x0000014c408f5800 1902       3       org.fusesource.jansi.Ansi::cursorLeft (8 bytes)
Event: 380.236 Thread 0x0000014c408f5800 nmethod 1902 0x0000014c2f740510 code [0x0000014c2f7406c0, 0x0000014c2f7407e8]
Event: 380.239 Thread 0x0000014c408f5800 1900       1       java.nio.channels.spi.AbstractSelector::cancelledKeys (5 bytes)
Event: 380.254 Thread 0x0000014c408f5800 nmethod 1900 0x0000014c3697e710 code [0x0000014c3697e8c0, 0x0000014c3697e978]
Event: 380.254 Thread 0x0000014c408f5800 1901       1       sun.nio.ch.SelectionKeyImpl::nioReadyOps (5 bytes)
Event: 380.254 Thread 0x0000014c408f5800 nmethod 1901 0x0000014c3697ea10 code [0x0000014c3697ebc0, 0x0000014c3697ec78]
Event: 390.004 Thread 0x0000014c408c1800 1903       4       java.util.concurrent.TimeUnit::convert (77 bytes)
Event: 390.011 Thread 0x0000014c408c1800 nmethod 1903 0x0000014c3697ed10 code [0x0000014c3697eec0, 0x0000014c3697f008]
Event: 395.213 Thread 0x0000014c408c1800 1905       4       java.util.concurrent.locks.ReentrantLock$Sync::isHeldExclusively (16 bytes)
Event: 395.296 Thread 0x0000014c408c1800 nmethod 1905 0x0000014c3697f590 code [0x0000014c3697f720, 0x0000014c3697f798]
Event: 407.723 Thread 0x0000014c408c1800 1906       4       java.util.HashMap$HashIterator::<init> (79 bytes)

GC Heap History (6 events):
Event: 6.177 GC heap before
{Heap before GC invocations=0 (full 0):
 garbage-first heap   total 65536K, used 6144K [0x00000000fc000000, 0x0000000100000000)
  region size 1024K, 7 young (7168K), 0 survivors (0K)
 Metaspace       used 7172K, capacity 7353K, committed 7680K, reserved 1056768K
  class space    used 620K, capacity 682K, committed 768K, reserved 1048576K
}
Event: 6.241 GC heap after
{Heap after GC invocations=1 (full 0):
 garbage-first heap   total 65536K, used 1569K [0x00000000fc000000, 0x0000000100000000)
  region size 1024K, 1 young (1024K), 1 survivors (1024K)
 Metaspace       used 7172K, capacity 7353K, committed 7680K, reserved 1056768K
  class space    used 620K, capacity 682K, committed 768K, reserved 1048576K
}
Event: 14.800 GC heap before
{Heap before GC invocations=1 (full 0):
 garbage-first heap   total 65536K, used 42529K [0x00000000fc000000, 0x0000000100000000)
  region size 1024K, 38 young (38912K), 1 survivors (1024K)
 Metaspace       used 13836K, capacity 14153K, committed 14208K, reserved 1062912K
  class space    used 1538K, capacity 1633K, committed 1664K, reserved 1048576K
}
Event: 14.814 GC heap after
{Heap after GC invocations=2 (full 0):
 garbage-first heap   total 65536K, used 11678K [0x00000000fc000000, 0x0000000100000000)
  region size 1024K, 5 young (5120K), 5 survivors (5120K)
 Metaspace       used 13836K, capacity 14153K, committed 14208K, reserved 1062912K
  class space    used 1538K, capacity 1633K, committed 1664K, reserved 1048576K
}
Event: 16.483 GC heap before
{Heap before GC invocations=2 (full 0):
 garbage-first heap   total 65536K, used 14750K [0x00000000fc000000, 0x0000000100000000)
  region size 1024K, 8 young (8192K), 5 survivors (5120K)
 Metaspace       used 14563K, capacity 14901K, committed 15104K, reserved 1062912K
  class space    used 1639K, capacity 1734K, committed 1792K, reserved 1048576K
}
Event: 16.501 GC heap after
{Heap after GC invocations=3 (full 0):
 garbage-first heap   total 65536K, used 11711K [0x00000000fc000000, 0x0000000100000000)
  region size 1024K, 1 young (1024K), 1 survivors (1024K)
 Metaspace       used 14563K, capacity 14901K, committed 15104K, reserved 1062912K
  class space    used 1639K, capacity 1734K, committed 1792K, reserved 1048576K
}

Deoptimization events (20 events):
Event: 38.768 Thread 0x0000014c2667f800 Uncommon trap: trap_request=0xffffffbe fr.pc=0x0000014c369659c8 relative=0x00000000000003a8
Event: 38.768 Thread 0x0000014c2667f800 Uncommon trap: reason=profile_predicate action=maybe_recompile pc=0x0000014c369659c8 method=jdk.internal.jimage.ImageStringsReader.unmaskedHashCode(Ljava/lang/String;I)I @ 13 c2
Event: 38.768 Thread 0x0000014c2667f800 DEOPT PACKING pc=0x0000014c369659c8 sp=0x0000003279ef8930
Event: 38.768 Thread 0x0000014c2667f800 DEOPT UNPACKING pc=0x0000014c2ee4a1af sp=0x0000003279ef8890 mode 2
Event: 38.768 Thread 0x0000014c2667f800 Uncommon trap: trap_request=0xffffffbe fr.pc=0x0000014c369659c8 relative=0x00000000000003a8
Event: 38.768 Thread 0x0000014c2667f800 Uncommon trap: reason=profile_predicate action=maybe_recompile pc=0x0000014c369659c8 method=jdk.internal.jimage.ImageStringsReader.unmaskedHashCode(Ljava/lang/String;I)I @ 13 c2
Event: 38.768 Thread 0x0000014c2667f800 DEOPT PACKING pc=0x0000014c369659c8 sp=0x0000003279ef8930
Event: 38.768 Thread 0x0000014c2667f800 DEOPT UNPACKING pc=0x0000014c2ee4a1af sp=0x0000003279ef8890 mode 2
Event: 38.768 Thread 0x0000014c2667f800 Uncommon trap: trap_request=0xffffffbe fr.pc=0x0000014c369659c8 relative=0x00000000000003a8
Event: 38.768 Thread 0x0000014c2667f800 Uncommon trap: reason=profile_predicate action=maybe_recompile pc=0x0000014c369659c8 method=jdk.internal.jimage.ImageStringsReader.unmaskedHashCode(Ljava/lang/String;I)I @ 13 c2
Event: 38.768 Thread 0x0000014c2667f800 DEOPT PACKING pc=0x0000014c369659c8 sp=0x0000003279ef8930
Event: 38.768 Thread 0x0000014c2667f800 DEOPT UNPACKING pc=0x0000014c2ee4a1af sp=0x0000003279ef8890 mode 2
Event: 38.768 Thread 0x0000014c2667f800 Uncommon trap: trap_request=0xffffffbe fr.pc=0x0000014c369659c8 relative=0x00000000000003a8
Event: 38.768 Thread 0x0000014c2667f800 Uncommon trap: reason=profile_predicate action=maybe_recompile pc=0x0000014c369659c8 method=jdk.internal.jimage.ImageStringsReader.unmaskedHashCode(Ljava/lang/String;I)I @ 13 c2
Event: 38.768 Thread 0x0000014c2667f800 DEOPT PACKING pc=0x0000014c369659c8 sp=0x0000003279ef8930
Event: 38.768 Thread 0x0000014c2667f800 DEOPT UNPACKING pc=0x0000014c2ee4a1af sp=0x0000003279ef8890 mode 2
Event: 364.703 Thread 0x0000014c40f0f000 Uncommon trap: trap_request=0xffffff4d fr.pc=0x0000014c36978cec relative=0x00000000000003ec
Event: 364.703 Thread 0x0000014c40f0f000 Uncommon trap: reason=unstable_if action=reinterpret pc=0x0000014c36978cec method=org.gradle.internal.logging.sink.GroupingProgressLogEventGenerator$OperationGroup.shouldForward()Z @ 9 c2
Event: 364.703 Thread 0x0000014c40f0f000 DEOPT PACKING pc=0x0000014c36978cec sp=0x000000327b0fec90
Event: 364.709 Thread 0x0000014c40f0f000 DEOPT UNPACKING pc=0x0000014c2ee4a1af sp=0x000000327b0feb18 mode 2

Classes redefined (0 events):
No events

Internal exceptions (19 events):
Event: 1.435 Thread 0x0000014c2667f800 Exception <a 'java/lang/NoSuchMethodError'{0x00000000ffc408f8}: 'int java.lang.invoke.DirectMethodHandle$Holder.invokeStaticInit(java.lang.Object, java.lang.Object)'> (0x00000000ffc408f8) thrown at [./src/hotspot/share/interpreter/linkResolver.cpp, line 773]
Event: 5.740 Thread 0x0000014c2667f800 Exception <a 'java/lang/NoSuchMethodError'{0x00000000ffb52f60}: 'int java.lang.invoke.DirectMethodHandle$Holder.invokeSpecial(java.lang.Object, java.lang.Object, java.lang.Object, java.lang.Object)'> (0x00000000ffb52f60) thrown at [./src/hotspot/share/interpreter/linkResolver.cpp, line 773]
Event: 5.784 Thread 0x0000014c2667f800 Exception <a 'java/lang/NoSuchMethodError'{0x00000000ffb95ea0}: 'int java.lang.invoke.DirectMethodHandle$Holder.invokeSpecialIFC(java.lang.Object, java.lang.Object, int)'> (0x00000000ffb95ea0) thrown at [./src/hotspot/share/interpreter/linkResolver.cpp, line 773]
Event: 11.645 Thread 0x0000014c2667f800 Implicit null exception at 0x0000014c3690ab75 to 0x0000014c3690ad44
Event: 11.961 Thread 0x0000014c2667f800 Exception <a 'java/lang/NoClassDefFoundError'{0x00000000feab3730}: org/slf4j/impl/StaticMarkerBinder> (0x00000000feab3730) thrown at [./src/hotspot/share/classfile/systemDictionary.cpp, line 219]
Event: 12.089 Thread 0x0000014c2667f800 Exception <a 'java/lang/NoSuchMethodError'{0x00000000fe9d8450}: 'java.lang.Object java.lang.invoke.DirectMethodHandle$Holder.invokeVirtual(java.lang.Object, java.lang.Object, java.lang.Object, java.lang.Object, java.lang.Object, java.lang.Object, java.lang.Object)'> (0x00000000fe9d8450) thrown at [./src/hotspot/share/interpreter/linkResolver.cpp, line 773]
Event: 12.097 Thread 0x0000014c2667f800 Exception <a 'java/lang/NoSuchMethodError'{0x00000000fe9edff0}: 'java.lang.Object java.lang.invoke.Invokers$Holder.invoker(java.lang.Object, java.lang.Object, java.lang.Object)'> (0x00000000fe9edff0) thrown at [./src/hotspot/share/interpreter/linkResolver.cpp, line 773]
Event: 12.111 Thread 0x0000014c2667f800 Exception <a 'java/lang/NoSuchMethodError'{0x00000000fe9fec90}: 'void java.lang.invoke.DelegatingMethodHandle$Holder.delegate(java.lang.Object, java.lang.Object, int, java.lang.Object)'> (0x00000000fe9fec90) thrown at [./src/hotspot/share/interpreter/linkResolver.cpp, line 773]
Event: 14.315 Thread 0x0000014c2667f800 Exception <a 'java/lang/NoSuchMethodError'{0x00000000fdc289d8}: 'java.lang.Object java.lang.invoke.DirectMethodHandle$Holder.invokeStaticInit(java.lang.Object, java.lang.Object, java.lang.Object)'> (0x00000000fdc289d8) thrown at [./src/hotspot/share/interpreter/linkResolver.cpp, line 773]
Event: 14.982 Thread 0x0000014c2667f800 Exception <a 'java/lang/NoSuchMethodError'{0x00000000ffdcc448}: 'java.lang.Object java.lang.invoke.DirectMethodHandle$Holder.invokeStaticInit(java.lang.Object, int, int, int, int)'> (0x00000000ffdcc448) thrown at [./src/hotspot/share/interpreter/linkResolver.cpp, line 773]
Event: 16.734 Thread 0x0000014c2667f800 Exception <a 'java/lang/NoSuchMethodError'{0x00000000fff1f510}: 'java.lang.Object java.lang.invoke.DirectMethodHandle$Holder.invokeStaticInit(java.lang.Object, java.lang.Object, int, int, int, int)'> (0x00000000fff1f510) thrown at [./src/hotspot/share/interpreter/linkResolver.cpp, line 773]
Event: 20.887 Thread 0x0000014c2667f800 Exception <a 'java/lang/NoSuchMethodError'{0x00000000ffe27a60}: 'void java.lang.invoke.DirectMethodHandle$Holder.invokeSpecial(java.lang.Object, java.lang.Object)'> (0x00000000ffe27a60) thrown at [./src/hotspot/share/interpreter/linkResolver.cpp, line 773]
Event: 20.897 Thread 0x0000014c2667f800 Implicit null exception at 0x0000014c368fb099 to 0x0000014c368fba90
Event: 20.947 Thread 0x0000014c2667f800 Implicit null exception at 0x0000014c36916796 to 0x0000014c36917174
Event: 23.726 Thread 0x0000014c41994000 Exception <a 'java/lang/NoSuchMethodError'{0x00000000ff56ecd8}: 'void java.lang.invoke.DirectMethodHandle$Holder.invokeStatic(java.lang.Object, long)'> (0x00000000ff56ecd8) thrown at [./src/hotspot/share/interpreter/linkResolver.cpp, line 773]
Event: 23.727 Thread 0x0000014c41994000 Exception <a 'java/lang/NoSuchMethodError'{0x00000000ff573c80}: 'java.lang.Object java.lang.invoke.DirectMethodHandle$Holder.invokeStatic(java.lang.Object, long)'> (0x00000000ff573c80) thrown at [./src/hotspot/share/interpreter/linkResolver.cpp, line 773]
Event: 23.733 Thread 0x0000014c41994000 Exception <a 'java/lang/NoSuchMethodError'{0x00000000ff582090}: 'java.lang.Object java.lang.invoke.DirectMethodHandle$Holder.invokeStaticInit(java.lang.Object, java.lang.Object, long, java.lang.Object)'> (0x00000000ff582090) thrown at [./src/hotspot/share/interpreter/linkResolver.cpp, line 773]
Event: 23.734 Thread 0x0000014c41994000 Exception <a 'java/lang/NoSuchMethodError'{0x00000000ff587f80}: 'java.lang.Object java.lang.invoke.DirectMethodHandle$Holder.invokeStatic(java.lang.Object, java.lang.Object, long)'> (0x00000000ff587f80) thrown at [./src/hotspot/share/interpreter/linkResolver.cpp, line 773]
Event: 23.735 Thread 0x0000014c41994000 Exception <a 'java/lang/NoSuchMethodError'{0x00000000ff58e250}: 'java.lang.Object java.lang.invoke.Invokers$Holder.linkToTargetMethod(java.lang.Object, long, java.lang.Object)'> (0x00000000ff58e250) thrown at [./src/hotspot/share/interpreter/linkResolver.cpp, line 773]

Events (20 events):
Event: 79.195 loading class jdk/internal/reflect/ClassDefiner
Event: 79.195 loading class jdk/internal/reflect/ClassDefiner done
Event: 79.195 loading class jdk/internal/reflect/ClassDefiner$1
Event: 79.195 loading class jdk/internal/reflect/ClassDefiner$1 done
Event: 87.310 loading class org/fusesource/jansi/Ansi$Color
Event: 87.310 loading class org/fusesource/jansi/Ansi$Color done
Event: 87.337 loading class org/gradle/internal/logging/console/DefaultColorMap$ForegroundColor
Event: 87.337 loading class org/gradle/internal/logging/console/DefaultColorMap$ForegroundColor done
Event: 87.348 loading class org/gradle/internal/logging/console/DefaultColorMap$CompositeColor
Event: 87.348 loading class org/gradle/internal/logging/console/DefaultColorMap$CompositeColor done
Event: 87.681 loading class com/google/common/collect/Lists$ReverseList
Event: 87.681 loading class com/google/common/collect/Lists$ReverseList done
Event: 87.686 loading class com/google/common/collect/Lists$RandomAccessReverseList
Event: 87.686 loading class com/google/common/collect/Lists$RandomAccessReverseList done
Event: 87.687 loading class java/util/ArrayList$ListItr
Event: 87.694 loading class java/util/ArrayList$ListItr done
Event: 87.696 Executing VM operation: Deoptimize
Event: 87.713 Executing VM operation: Deoptimize done
Event: 87.715 loading class com/google/common/collect/Lists$ReverseList$1
Event: 87.715 loading class com/google/common/collect/Lists$ReverseList$1 done


Dynamic libraries:
0x00007ff7b39f0000 - 0x00007ff7b39fd000 	C:\Program Files\Eclipse Adoptium\jdk-11.0.18.10-hotspot\bin\java.exe
0x00007ffd5ab30000 - 0x00007ffd5ad28000 	C:\Windows\SYSTEM32\ntdll.dll
0x00007ffd59270000 - 0x00007ffd5932f000 	C:\Windows\System32\KERNEL32.DLL
0x00007ffd58610000 - 0x00007ffd58906000 	C:\Windows\System32\KERNELBASE.dll
0x00007ffd58320000 - 0x00007ffd58420000 	C:\Windows\System32\ucrtbase.dll
0x00007ffd46b10000 - 0x00007ffd46b27000 	C:\Program Files\Eclipse Adoptium\jdk-11.0.18.10-hotspot\bin\jli.dll
0x00007ffd5a950000 - 0x00007ffd5aaed000 	C:\Windows\System32\USER32.dll
0x00007ffd58960000 - 0x00007ffd58982000 	C:\Windows\System32\win32u.dll
0x00007ffd59d50000 - 0x00007ffd59d7c000 	C:\Windows\System32\GDI32.dll
0x00007ffd58990000 - 0x00007ffd58aa5000 	C:\Windows\System32\gdi32full.dll
0x00007ffd58280000 - 0x00007ffd5831d000 	C:\Windows\System32\msvcp_win.dll
0x00007ffd46c70000 - 0x00007ffd46c89000 	C:\Program Files\Eclipse Adoptium\jdk-11.0.18.10-hotspot\bin\VCRUNTIME140.dll
0x00007ffd56e40000 - 0x00007ffd570da000 	C:\Windows\WinSxS\amd64_microsoft.windows.common-controls_6595b64144ccf1df_6.0.19041.1110_none_60b5254171f9507e\COMCTL32.dll
0x00007ffd5a8b0000 - 0x00007ffd5a94e000 	C:\Windows\System32\msvcrt.dll
0x00007ffd58bf0000 - 0x00007ffd58c20000 	C:\Windows\System32\IMM32.DLL
0x00007ffd52100000 - 0x00007ffd5210c000 	C:\Program Files\Eclipse Adoptium\jdk-11.0.18.10-hotspot\bin\vcruntime140_1.dll
0x00007ffd3c870000 - 0x00007ffd3c901000 	C:\Program Files\Eclipse Adoptium\jdk-11.0.18.10-hotspot\bin\msvcp140.dll
0x00007ffd27db0000 - 0x00007ffd2896a000 	C:\Program Files\Eclipse Adoptium\jdk-11.0.18.10-hotspot\bin\server\jvm.dll
0x00007ffd5a800000 - 0x00007ffd5a8af000 	C:\Windows\System32\ADVAPI32.dll
0x00007ffd59090000 - 0x00007ffd5912c000 	C:\Windows\System32\sechost.dll
0x00007ffd59ae0000 - 0x00007ffd59c06000 	C:\Windows\System32\RPCRT4.dll
0x00007ffd59690000 - 0x00007ffd59698000 	C:\Windows\System32\PSAPI.DLL
0x00007ffd56670000 - 0x00007ffd56697000 	C:\Windows\SYSTEM32\WINMM.dll
0x00007ffd52b50000 - 0x00007ffd52b59000 	C:\Windows\SYSTEM32\WSOCK32.dll
0x00007ffd59200000 - 0x00007ffd5926b000 	C:\Windows\System32\WS2_32.dll
0x00007ffd4fe40000 - 0x00007ffd4fe4a000 	C:\Windows\SYSTEM32\VERSION.dll
0x00007ffd55f60000 - 0x00007ffd55f72000 	C:\Windows\SYSTEM32\kernel.appcore.dll
0x00007ffd4e480000 - 0x00007ffd4e490000 	C:\Program Files\Eclipse Adoptium\jdk-11.0.18.10-hotspot\bin\verify.dll
0x00007ffd55d60000 - 0x00007ffd55f44000 	C:\Windows\SYSTEM32\DBGHELP.DLL
0x00007ffd38d20000 - 0x00007ffd38d54000 	C:\Windows\SYSTEM32\dbgcore.DLL
0x00007ffd58420000 - 0x00007ffd584a2000 	C:\Windows\System32\bcryptPrimitives.dll
0x00007ffd46ae0000 - 0x00007ffd46b08000 	C:\Program Files\Eclipse Adoptium\jdk-11.0.18.10-hotspot\bin\java.dll
0x00007ffd4e090000 - 0x00007ffd4e09a000 	C:\Program Files\Eclipse Adoptium\jdk-11.0.18.10-hotspot\bin\jimage.dll
0x00007ffd469c0000 - 0x00007ffd469d8000 	C:\Program Files\Eclipse Adoptium\jdk-11.0.18.10-hotspot\bin\zip.dll
0x00007ffd5a030000 - 0x00007ffd5a774000 	C:\Windows\System32\SHELL32.dll
0x00007ffd566a0000 - 0x00007ffd56e33000 	C:\Windows\SYSTEM32\windows.storage.dll
0x00007ffd59330000 - 0x00007ffd59684000 	C:\Windows\System32\combase.dll
0x00007ffd57b80000 - 0x00007ffd57bae000 	C:\Windows\SYSTEM32\Wldp.dll
0x00007ffd59c80000 - 0x00007ffd59d2d000 	C:\Windows\System32\SHCORE.dll
0x00007ffd59c20000 - 0x00007ffd59c75000 	C:\Windows\System32\shlwapi.dll
0x00007ffd58150000 - 0x00007ffd5816f000 	C:\Windows\SYSTEM32\profapi.dll
0x00007ffd3eb50000 - 0x00007ffd3eb69000 	C:\Program Files\Eclipse Adoptium\jdk-11.0.18.10-hotspot\bin\net.dll
0x00007ffd4f330000 - 0x00007ffd4f43a000 	C:\Windows\SYSTEM32\WINHTTP.dll
0x00007ffd57890000 - 0x00007ffd578fa000 	C:\Windows\system32\mswsock.dll
0x00007ffd3e8a0000 - 0x00007ffd3e8b3000 	C:\Program Files\Eclipse Adoptium\jdk-11.0.18.10-hotspot\bin\nio.dll
0x00007ffd2dc70000 - 0x00007ffd2dc97000 	C:\Users\Кристина\.gradle\native\68d5fa5c4cc2d200863cafc0d521ce42e7d3e7ee720ec0a83991735586a16f82\windows-amd64\native-platform.dll
0x00007ffd3d7c0000 - 0x00007ffd3d7ca000 	C:\Users\Кристина\.gradle\native\jansi\1.18\windows64\jansi.dll
0x00007ffd46ad0000 - 0x00007ffd46ad9000 	C:\Program Files\Eclipse Adoptium\jdk-11.0.18.10-hotspot\bin\management.dll
0x00007ffd46aa0000 - 0x00007ffd46aab000 	C:\Program Files\Eclipse Adoptium\jdk-11.0.18.10-hotspot\bin\management_ext.dll
0x00007ffd57ab0000 - 0x00007ffd57ac8000 	C:\Windows\SYSTEM32\CRYPTSP.dll
0x00000000633f0000 - 0x0000000063409000 	C:\Program Files\Common Files\Crypto Pro\AppCompat\cpadvai.dll
0x00007ffd571c0000 - 0x00007ffd571f4000 	C:\Windows\system32\rsaenh.dll
0x00007ffd58b60000 - 0x00007ffd58b87000 	C:\Windows\System32\bcrypt.dll
0x00007ffd580d0000 - 0x00007ffd580fe000 	C:\Windows\SYSTEM32\USERENV.dll
0x00007ffd57ad0000 - 0x00007ffd57adc000 	C:\Windows\SYSTEM32\CRYPTBASE.dll
0x00007ffd57590000 - 0x00007ffd575cc000 	C:\Windows\SYSTEM32\IPHLPAPI.DLL
0x00007ffd599f0000 - 0x00007ffd599f8000 	C:\Windows\System32\NSI.dll
0x00007ffd4e070000 - 0x00007ffd4e087000 	C:\Windows\SYSTEM32\dhcpcsvc6.DLL
0x00007ffd4e050000 - 0x00007ffd4e06d000 	C:\Windows\SYSTEM32\dhcpcsvc.DLL
0x00007ffd575e0000 - 0x00007ffd576aa000 	C:\Windows\SYSTEM32\DNSAPI.dll

dbghelp: loaded successfully - version: 4.0.5 - missing functions: none
symbol engine: initialized successfully - sym options: 0x614 - pdb path: .;C:\Program Files\Eclipse Adoptium\jdk-11.0.18.10-hotspot\bin;C:\Windows\SYSTEM32;C:\Windows\WinSxS\amd64_microsoft.windows.common-controls_6595b64144ccf1df_6.0.19041.1110_none_60b5254171f9507e;C:\Program Files\Eclipse Adoptium\jdk-11.0.18.10-hotspot\bin\server;C:\Users\Кристина\.gradle\native\68d5fa5c4cc2d200863cafc0d521ce42e7d3e7ee720ec0a83991735586a16f82\windows-amd64;C:\Users\Кристина\.gradle\native\jansi\1.18\windows64;C:\Program Files\Common Files\Crypto Pro\AppCompat

VM Arguments:
jvm_args: -Xmx64m -Xms64m -Dorg.gradle.appname=gradlew 
java_command: org.gradle.wrapper.GradleWrapperMain clean test -Ddb.url=jdbc:postgresql://localhost:5432/app
java_class_path (initial): C:\IdeaProjects\DiplomDz\\gradle\wrapper\gradle-wrapper.jar
Launcher Type: SUN_STANDARD

[Global flags]
     intx CICompilerCount                          = 2                                         {product} {ergonomic}
     uint ConcGCThreads                            = 1                                         {product} {ergonomic}
     uint G1ConcRefinementThreads                  = 2                                         {product} {ergonomic}
   size_t G1HeapRegionSize                         = 1048576                                   {product} {ergonomic}
    uintx GCDrainStackTargetSize                   = 64                                        {product} {ergonomic}
   size_t InitialHeapSize                          = 67108864                                  {product} {command line}
   size_t MarkStackSize                            = 4194304                                   {product} {ergonomic}
   size_t MaxHeapSize                              = 67108864                                  {product} {command line}
   size_t MaxNewSize                               = 39845888                                  {product} {ergonomic}
   size_t MinHeapDeltaBytes                        = 1048576                                   {product} {ergonomic}
    uintx NonNMethodCodeHeapSize                   = 5825164                                {pd product} {ergonomic}
    uintx NonProfiledCodeHeapSize                  = 122916538                              {pd product} {ergonomic}
    uintx ProfiledCodeHeapSize                     = 122916538                              {pd product} {ergonomic}
    uintx ReservedCodeCacheSize                    = 251658240                              {pd product} {ergonomic}
     bool SegmentedCodeCache                       = true                                      {product} {ergonomic}
     bool UseCompressedClassPointers               = true                                 {lp64_product} {ergonomic}
     bool UseCompressedOops                        = true                                 {lp64_product} {ergonomic}
     bool UseG1GC                                  = true                                      {product} {ergonomic}
     bool UseLargePagesIndividualAllocation        = false                                  {pd product} {ergonomic}

Logging:
Log output configuration:
 #0: stdout all=warning uptime,level,tags
 #1: stderr all=off uptime,level,tags

Environment Variables:
CLASSPATH=C:\IdeaProjects\DiplomDz\\gradle\wrapper\gradle-wrapper.jar
PATH=C:\Program Files\Eclipse Adoptium\jdk-11.0.18.10-hotspot\bin;C:\Windows\system32;C:\Windows;C:\Windows\System32\Wbem;C:\Windows\System32\WindowsPowerShell\v1.0\;C:\Windows\System32\OpenSSH\;C:\Program Files\Git\cmd;C:\Program Files\Docker\Docker\resources\bin;C:\Users\Кристина\AppData\Local\Microsoft\WindowsApps;;C:\Users\Кристина\AppData\Local\Programs\Microsoft VS Code\bin
USERNAME=Кристина
OS=Windows_NT
PROCESSOR_IDENTIFIER=AMD64 Family 23 Model 24 Stepping 1, AuthenticAMD
TMP=C:\Users\331A~1\AppData\Local\Temp
TEMP=C:\Users\331A~1\AppData\Local\Temp



---------------  S Y S T E M  ---------------

OS: Windows 10 , 64 bit Build 19041 (10.0.19041.3031)
OS uptime: 0 days 1:04 hours
Hyper-V role detected

CPU:total 2 (initial active 2) (2 cores per cpu, 1 threads per core) family 23 model 24 stepping 1 microcode 0x0, cmov, cx8, fxsr, mmx, sse, sse2, sse3, ssse3, sse4.1, sse4.2, popcnt, avx, avx2, aes, clmul, mmxext, 3dnowpref, lzcnt, sse4a, tsc, tscinvbit, tscinv, bmi1, bmi2, adx, sha, fma

Memory: 4k page, system-wide physical 3521M (61M free)
TotalPageFile size 14273M (AvailPageFile size 4M)
current process WorkingSet (physical memory assigned to process): 21M, peak: 113M
current process commit charge ("private bytes"): 151M, peak: 155M

vm_info: OpenJDK 64-Bit Server VM (11.0.18+10) for windows-amd64 JRE (11.0.18+10), built on Jan 18 2023 04:27:27 by "" with MS VC++ 16.7 (VS2019)

END.
